<?xml version='1.0' encoding='UTF-8'?>
<testsuite hostname="veera_pandu" name="gameoflifetests" tests="9" errors="0" failures="9" skipped="0" time="0.063" timestamp="2025-09-17T19:19:53">
          <properties>
[...]
</properties>
          <testcase classname="gameoflifetests" name="EX01 - Create Blinker" time="0.049">
                      <failure message="an implementation is missing" type="scala.NotImplementedError">scala.NotImplementedError: an implementation is missing
	at scala.Predef$.$qmark$qmark$qmark(Predef.scala:344)
	at GameOfLife$.createBlinker(hw1-gameoflife.scala:66)
	at gameoflifetests.testFun$proxy1$1(gameoflifetests.scala:26)
	at gameoflifetests.$init$$$anonfun$2(gameoflifetests.scala:25)
	at org.scalatest.Transformer.apply$$anonfun$1(Transformer.scala:22)
	at org.scalatest.OutcomeOf.outcomeOf(OutcomeOf.scala:85)
	at org.scalatest.OutcomeOf.outcomeOf$(OutcomeOf.scala:31)
	at org.scalatest.OutcomeOf$.outcomeOf(OutcomeOf.scala:104)
	at org.scalatest.Transformer.apply(Transformer.scala:22)
	at org.scalatest.Transformer.apply(Transformer.scala:21)
	at org.scalatest.propspec.AnyPropSpecLike$$anon$1.apply(AnyPropSpecLike.scala:204)
	at org.scalatest.TestSuite.withFixture(TestSuite.scala:196)
	at org.scalatest.TestSuite.withFixture$(TestSuite.scala:138)
	at UnitSpec.org$scalatest$concurrent$TimeLimitedTests$$super$withFixture(UnitSpec.scala:6)
	at org.scalatest.concurrent.TimeLimitedTests.withFixture$$anonfun$3(TimeLimitedTests.scala:154)
	at org.scalatest.enablers.Timed$$anon$1.timeoutAfter(Timed.scala:127)
	at org.scalatest.concurrent.TimeLimits$.failAfterImpl(TimeLimits.scala:282)
	at org.scalatest.concurrent.TimeLimitedTests.withFixture(TimeLimitedTests.scala:155)
	at org.scalatest.concurrent.TimeLimitedTests.withFixture$(TimeLimitedTests.scala:142)
	at UnitSpec.withFixture(UnitSpec.scala:6)
	at org.scalatest.propspec.AnyPropSpecLike.invokeWithFixture$1(AnyPropSpecLike.scala:210)
	at org.scalatest.propspec.AnyPropSpecLike.runTest$$anonfun$1(AnyPropSpecLike.scala:214)
	at org.scalatest.SuperEngine.runTestImpl(Engine.scala:306)
	at org.scalatest.propspec.AnyPropSpecLike.runTest(AnyPropSpecLike.scala:214)
	at org.scalatest.propspec.AnyPropSpecLike.runTest$(AnyPropSpecLike.scala:45)
	at org.scalatest.propspec.AnyPropSpec.runTest(AnyPropSpec.scala:875)
	at org.scalatest.propspec.AnyPropSpecLike.runTests$$anonfun$1(AnyPropSpecLike.scala:247)
	at org.scalatest.SuperEngine.traverseSubNodes$1$$anonfun$1(Engine.scala:413)
	at scala.runtime.function.JProcedure1.apply(JProcedure1.java:15)
	at scala.runtime.function.JProcedure1.apply(JProcedure1.java:10)
	at scala.collection.immutable.List.foreach(List.scala:334)
	at org.scalatest.SuperEngine.traverseSubNodes$1(Engine.scala:429)
	at org.scalatest.SuperEngine.runTestsInBranch(Engine.scala:396)
	at org.scalatest.SuperEngine.runTestsImpl(Engine.scala:475)
	at org.scalatest.propspec.AnyPropSpecLike.runTests(AnyPropSpecLike.scala:247)
	at org.scalatest.propspec.AnyPropSpecLike.runTests$(AnyPropSpecLike.scala:45)
	at org.scalatest.propspec.AnyPropSpec.runTests(AnyPropSpec.scala:875)
	at org.scalatest.Suite.run(Suite.scala:1114)
	at org.scalatest.Suite.run$(Suite.scala:564)
	at org.scalatest.propspec.AnyPropSpec.org$scalatest$propspec$AnyPropSpecLike$$super$run(AnyPropSpec.scala:875)
	at org.scalatest.propspec.AnyPropSpecLike.run$$anonfun$1(AnyPropSpecLike.scala:251)
	at org.scalatest.SuperEngine.runImpl(Engine.scala:535)
	at org.scalatest.propspec.AnyPropSpecLike.run(AnyPropSpecLike.scala:251)
	at org.scalatest.propspec.AnyPropSpecLike.run$(AnyPropSpecLike.scala:45)
	at org.scalatest.propspec.AnyPropSpec.run(AnyPropSpec.scala:875)
	at org.scalatest.tools.Framework.org$scalatest$tools$Framework$$runSuite(Framework.scala:321)
	at org.scalatest.tools.Framework$ScalaTestTask.execute(Framework.scala:517)
	at sbt.TestRunner.runTest$1(TestFramework.scala:153)
	at sbt.TestRunner.run(TestFramework.scala:168)
	at sbt.TestFramework$$anon$3$$anonfun$$lessinit$greater$1.$anonfun$apply$1(TestFramework.scala:336)
	at sbt.TestFramework$.sbt$TestFramework$$withContextLoader(TestFramework.scala:296)
	at sbt.TestFramework$$anon$3$$anonfun$$lessinit$greater$1.apply(TestFramework.scala:336)
	at sbt.TestFramework$$anon$3$$anonfun$$lessinit$greater$1.apply(TestFramework.scala:336)
	at sbt.TestFunction.apply(TestFramework.scala:348)
	at sbt.Tests$.$anonfun$toTask$1(Tests.scala:436)
	at sbt.std.Transform$$anon$3.$anonfun$apply$2(Transform.scala:47)
	at sbt.std.Transform$$anon$4.work(Transform.scala:69)
	at sbt.Execute.$anonfun$submit$2(Execute.scala:283)
	at sbt.internal.util.ErrorHandling$.wideConvert(ErrorHandling.scala:24)
	at sbt.Execute.work(Execute.scala:292)
	at sbt.Execute.$anonfun$submit$1(Execute.scala:283)
	at sbt.ConcurrentRestrictions$$anon$4.$anonfun$submitValid$1(ConcurrentRestrictions.scala:265)
	at sbt.CompletionService$$anon$2.call(CompletionService.scala:65)
	at java.base/java.util.concurrent.FutureTask.run(FutureTask.java:317)
	at java.base/java.util.concurrent.Executors$RunnableAdapter.call(Executors.java:572)
	at java.base/java.util.concurrent.FutureTask.run(FutureTask.java:317)
	at java.base/java.util.concurrent.ThreadPoolExecutor.runWorker(ThreadPoolExecutor.java:1144)
	at java.base/java.util.concurrent.ThreadPoolExecutor$Worker.run(ThreadPoolExecutor.java:642)
	at java.base/java.lang.Thread.run(Thread.java:1583)
</failure>
                    </testcase><testcase classname="gameoflifetests" name="EX02 - Create Glider" time="0.002">
                      <failure message="an implementation is missing" type="scala.NotImplementedError">scala.NotImplementedError: an implementation is missing
	at scala.Predef$.$qmark$qmark$qmark(Predef.scala:344)
	at GameOfLife$.createGlider(hw1-gameoflife.scala:77)
	at gameoflifetests.testFun$proxy2$1(gameoflifetests.scala:30)
	at gameoflifetests.$init$$$anonfun$3(gameoflifetests.scala:29)
	at org.scalatest.Transformer.apply$$anonfun$1(Transformer.scala:22)
	at org.scalatest.OutcomeOf.outcomeOf(OutcomeOf.scala:85)
	at org.scalatest.OutcomeOf.outcomeOf$(OutcomeOf.scala:31)
	at org.scalatest.OutcomeOf$.outcomeOf(OutcomeOf.scala:104)
	at org.scalatest.Transformer.apply(Transformer.scala:22)
	at org.scalatest.Transformer.apply(Transformer.scala:21)
	at org.scalatest.propspec.AnyPropSpecLike$$anon$1.apply(AnyPropSpecLike.scala:204)
	at org.scalatest.TestSuite.withFixture(TestSuite.scala:196)
	at org.scalatest.TestSuite.withFixture$(TestSuite.scala:138)
	at UnitSpec.org$scalatest$concurrent$TimeLimitedTests$$super$withFixture(UnitSpec.scala:6)
	at org.scalatest.concurrent.TimeLimitedTests.withFixture$$anonfun$3(TimeLimitedTests.scala:154)
	at org.scalatest.enablers.Timed$$anon$1.timeoutAfter(Timed.scala:127)
	at org.scalatest.concurrent.TimeLimits$.failAfterImpl(TimeLimits.scala:282)
	at org.scalatest.concurrent.TimeLimitedTests.withFixture(TimeLimitedTests.scala:155)
	at org.scalatest.concurrent.TimeLimitedTests.withFixture$(TimeLimitedTests.scala:142)
	at UnitSpec.withFixture(UnitSpec.scala:6)
	at org.scalatest.propspec.AnyPropSpecLike.invokeWithFixture$1(AnyPropSpecLike.scala:210)
	at org.scalatest.propspec.AnyPropSpecLike.runTest$$anonfun$1(AnyPropSpecLike.scala:214)
	at org.scalatest.SuperEngine.runTestImpl(Engine.scala:306)
	at org.scalatest.propspec.AnyPropSpecLike.runTest(AnyPropSpecLike.scala:214)
	at org.scalatest.propspec.AnyPropSpecLike.runTest$(AnyPropSpecLike.scala:45)
	at org.scalatest.propspec.AnyPropSpec.runTest(AnyPropSpec.scala:875)
	at org.scalatest.propspec.AnyPropSpecLike.runTests$$anonfun$1(AnyPropSpecLike.scala:247)
	at org.scalatest.SuperEngine.traverseSubNodes$1$$anonfun$1(Engine.scala:413)
	at scala.runtime.function.JProcedure1.apply(JProcedure1.java:15)
	at scala.runtime.function.JProcedure1.apply(JProcedure1.java:10)
	at scala.collection.immutable.List.foreach(List.scala:334)
	at org.scalatest.SuperEngine.traverseSubNodes$1(Engine.scala:429)
	at org.scalatest.SuperEngine.runTestsInBranch(Engine.scala:396)
	at org.scalatest.SuperEngine.runTestsImpl(Engine.scala:475)
	at org.scalatest.propspec.AnyPropSpecLike.runTests(AnyPropSpecLike.scala:247)
	at org.scalatest.propspec.AnyPropSpecLike.runTests$(AnyPropSpecLike.scala:45)
	at org.scalatest.propspec.AnyPropSpec.runTests(AnyPropSpec.scala:875)
	at org.scalatest.Suite.run(Suite.scala:1114)
	at org.scalatest.Suite.run$(Suite.scala:564)
	at org.scalatest.propspec.AnyPropSpec.org$scalatest$propspec$AnyPropSpecLike$$super$run(AnyPropSpec.scala:875)
	at org.scalatest.propspec.AnyPropSpecLike.run$$anonfun$1(AnyPropSpecLike.scala:251)
	at org.scalatest.SuperEngine.runImpl(Engine.scala:535)
	at org.scalatest.propspec.AnyPropSpecLike.run(AnyPropSpecLike.scala:251)
	at org.scalatest.propspec.AnyPropSpecLike.run$(AnyPropSpecLike.scala:45)
	at org.scalatest.propspec.AnyPropSpec.run(AnyPropSpec.scala:875)
	at org.scalatest.tools.Framework.org$scalatest$tools$Framework$$runSuite(Framework.scala:321)
	at org.scalatest.tools.Framework$ScalaTestTask.execute(Framework.scala:517)
	at sbt.TestRunner.runTest$1(TestFramework.scala:153)
	at sbt.TestRunner.run(TestFramework.scala:168)
	at sbt.TestFramework$$anon$3$$anonfun$$lessinit$greater$1.$anonfun$apply$1(TestFramework.scala:336)
	at sbt.TestFramework$.sbt$TestFramework$$withContextLoader(TestFramework.scala:296)
	at sbt.TestFramework$$anon$3$$anonfun$$lessinit$greater$1.apply(TestFramework.scala:336)
	at sbt.TestFramework$$anon$3$$anonfun$$lessinit$greater$1.apply(TestFramework.scala:336)
	at sbt.TestFunction.apply(TestFramework.scala:348)
	at sbt.Tests$.$anonfun$toTask$1(Tests.scala:436)
	at sbt.std.Transform$$anon$3.$anonfun$apply$2(Transform.scala:47)
	at sbt.std.Transform$$anon$4.work(Transform.scala:69)
	at sbt.Execute.$anonfun$submit$2(Execute.scala:283)
	at sbt.internal.util.ErrorHandling$.wideConvert(ErrorHandling.scala:24)
	at sbt.Execute.work(Execute.scala:292)
	at sbt.Execute.$anonfun$submit$1(Execute.scala:283)
	at sbt.ConcurrentRestrictions$$anon$4.$anonfun$submitValid$1(ConcurrentRestrictions.scala:265)
	at sbt.CompletionService$$anon$2.call(CompletionService.scala:65)
	at java.base/java.util.concurrent.FutureTask.run(FutureTask.java:317)
	at java.base/java.util.concurrent.Executors$RunnableAdapter.call(Executors.java:572)
	at java.base/java.util.concurrent.FutureTask.run(FutureTask.java:317)
	at java.base/java.util.concurrent.ThreadPoolExecutor.runWorker(ThreadPoolExecutor.java:1144)
	at java.base/java.util.concurrent.ThreadPoolExecutor$Worker.run(ThreadPoolExecutor.java:642)
	at java.base/java.lang.Thread.run(Thread.java:1583)
</failure>
                    </testcase><testcase classname="gameoflifetests" name="EX03 - Print Matrix" time="0.001">
                      <failure message="an implementation is missing" type="scala.NotImplementedError">scala.NotImplementedError: an implementation is missing
	at scala.Predef$.$qmark$qmark$qmark(Predef.scala:344)
	at GameOfLife$.print(hw1-gameoflife.scala:97)
	at gameoflifetests.testFun$proxy3$1(gameoflifetests.scala:34)
	at gameoflifetests.$init$$$anonfun$4(gameoflifetests.scala:33)
	at org.scalatest.Transformer.apply$$anonfun$1(Transformer.scala:22)
	at org.scalatest.OutcomeOf.outcomeOf(OutcomeOf.scala:85)
	at org.scalatest.OutcomeOf.outcomeOf$(OutcomeOf.scala:31)
	at org.scalatest.OutcomeOf$.outcomeOf(OutcomeOf.scala:104)
	at org.scalatest.Transformer.apply(Transformer.scala:22)
	at org.scalatest.Transformer.apply(Transformer.scala:21)
	at org.scalatest.propspec.AnyPropSpecLike$$anon$1.apply(AnyPropSpecLike.scala:204)
	at org.scalatest.TestSuite.withFixture(TestSuite.scala:196)
	at org.scalatest.TestSuite.withFixture$(TestSuite.scala:138)
	at UnitSpec.org$scalatest$concurrent$TimeLimitedTests$$super$withFixture(UnitSpec.scala:6)
	at org.scalatest.concurrent.TimeLimitedTests.withFixture$$anonfun$3(TimeLimitedTests.scala:154)
	at org.scalatest.enablers.Timed$$anon$1.timeoutAfter(Timed.scala:127)
	at org.scalatest.concurrent.TimeLimits$.failAfterImpl(TimeLimits.scala:282)
	at org.scalatest.concurrent.TimeLimitedTests.withFixture(TimeLimitedTests.scala:155)
	at org.scalatest.concurrent.TimeLimitedTests.withFixture$(TimeLimitedTests.scala:142)
	at UnitSpec.withFixture(UnitSpec.scala:6)
	at org.scalatest.propspec.AnyPropSpecLike.invokeWithFixture$1(AnyPropSpecLike.scala:210)
	at org.scalatest.propspec.AnyPropSpecLike.runTest$$anonfun$1(AnyPropSpecLike.scala:214)
	at org.scalatest.SuperEngine.runTestImpl(Engine.scala:306)
	at org.scalatest.propspec.AnyPropSpecLike.runTest(AnyPropSpecLike.scala:214)
	at org.scalatest.propspec.AnyPropSpecLike.runTest$(AnyPropSpecLike.scala:45)
	at org.scalatest.propspec.AnyPropSpec.runTest(AnyPropSpec.scala:875)
	at org.scalatest.propspec.AnyPropSpecLike.runTests$$anonfun$1(AnyPropSpecLike.scala:247)
	at org.scalatest.SuperEngine.traverseSubNodes$1$$anonfun$1(Engine.scala:413)
	at scala.runtime.function.JProcedure1.apply(JProcedure1.java:15)
	at scala.runtime.function.JProcedure1.apply(JProcedure1.java:10)
	at scala.collection.immutable.List.foreach(List.scala:334)
	at org.scalatest.SuperEngine.traverseSubNodes$1(Engine.scala:429)
	at org.scalatest.SuperEngine.runTestsInBranch(Engine.scala:396)
	at org.scalatest.SuperEngine.runTestsImpl(Engine.scala:475)
	at org.scalatest.propspec.AnyPropSpecLike.runTests(AnyPropSpecLike.scala:247)
	at org.scalatest.propspec.AnyPropSpecLike.runTests$(AnyPropSpecLike.scala:45)
	at org.scalatest.propspec.AnyPropSpec.runTests(AnyPropSpec.scala:875)
	at org.scalatest.Suite.run(Suite.scala:1114)
	at org.scalatest.Suite.run$(Suite.scala:564)
	at org.scalatest.propspec.AnyPropSpec.org$scalatest$propspec$AnyPropSpecLike$$super$run(AnyPropSpec.scala:875)
	at org.scalatest.propspec.AnyPropSpecLike.run$$anonfun$1(AnyPropSpecLike.scala:251)
	at org.scalatest.SuperEngine.runImpl(Engine.scala:535)
	at org.scalatest.propspec.AnyPropSpecLike.run(AnyPropSpecLike.scala:251)
	at org.scalatest.propspec.AnyPropSpecLike.run$(AnyPropSpecLike.scala:45)
	at org.scalatest.propspec.AnyPropSpec.run(AnyPropSpec.scala:875)
	at org.scalatest.tools.Framework.org$scalatest$tools$Framework$$runSuite(Framework.scala:321)
	at org.scalatest.tools.Framework$ScalaTestTask.execute(Framework.scala:517)
	at sbt.TestRunner.runTest$1(TestFramework.scala:153)
	at sbt.TestRunner.run(TestFramework.scala:168)
	at sbt.TestFramework$$anon$3$$anonfun$$lessinit$greater$1.$anonfun$apply$1(TestFramework.scala:336)
	at sbt.TestFramework$.sbt$TestFramework$$withContextLoader(TestFramework.scala:296)
	at sbt.TestFramework$$anon$3$$anonfun$$lessinit$greater$1.apply(TestFramework.scala:336)
	at sbt.TestFramework$$anon$3$$anonfun$$lessinit$greater$1.apply(TestFramework.scala:336)
	at sbt.TestFunction.apply(TestFramework.scala:348)
	at sbt.Tests$.$anonfun$toTask$1(Tests.scala:436)
	at sbt.std.Transform$$anon$3.$anonfun$apply$2(Transform.scala:47)
	at sbt.std.Transform$$anon$4.work(Transform.scala:69)
	at sbt.Execute.$anonfun$submit$2(Execute.scala:283)
	at sbt.internal.util.ErrorHandling$.wideConvert(ErrorHandling.scala:24)
	at sbt.Execute.work(Execute.scala:292)
	at sbt.Execute.$anonfun$submit$1(Execute.scala:283)
	at sbt.ConcurrentRestrictions$$anon$4.$anonfun$submitValid$1(ConcurrentRestrictions.scala:265)
	at sbt.CompletionService$$anon$2.call(CompletionService.scala:65)
	at java.base/java.util.concurrent.FutureTask.run(FutureTask.java:317)
	at java.base/java.util.concurrent.Executors$RunnableAdapter.call(Executors.java:572)
	at java.base/java.util.concurrent.FutureTask.run(FutureTask.java:317)
	at java.base/java.util.concurrent.ThreadPoolExecutor.runWorker(ThreadPoolExecutor.java:1144)
	at java.base/java.util.concurrent.ThreadPoolExecutor$Worker.run(ThreadPoolExecutor.java:642)
	at java.base/java.lang.Thread.run(Thread.java:1583)
</failure>
                    </testcase><testcase classname="gameoflifetests" name="EX04 - Create a Shape" time="0.003">
                      <failure message="an implementation is missing" type="scala.NotImplementedError">scala.NotImplementedError: an implementation is missing
	at scala.Predef$.$qmark$qmark$qmark(Predef.scala:344)
	at GameOfLife$Shape.&lt;init&gt;(hw1-gameoflife.scala:113)
	at gameoflifetests.testFun$proxy4$1(gameoflifetests.scala:69)
	at gameoflifetests.$init$$$anonfun$5(gameoflifetests.scala:64)
	at org.scalatest.Transformer.apply$$anonfun$1(Transformer.scala:22)
	at org.scalatest.OutcomeOf.outcomeOf(OutcomeOf.scala:85)
	at org.scalatest.OutcomeOf.outcomeOf$(OutcomeOf.scala:31)
	at org.scalatest.OutcomeOf$.outcomeOf(OutcomeOf.scala:104)
	at org.scalatest.Transformer.apply(Transformer.scala:22)
	at org.scalatest.Transformer.apply(Transformer.scala:21)
	at org.scalatest.propspec.AnyPropSpecLike$$anon$1.apply(AnyPropSpecLike.scala:204)
	at org.scalatest.TestSuite.withFixture(TestSuite.scala:196)
	at org.scalatest.TestSuite.withFixture$(TestSuite.scala:138)
	at UnitSpec.org$scalatest$concurrent$TimeLimitedTests$$super$withFixture(UnitSpec.scala:6)
	at org.scalatest.concurrent.TimeLimitedTests.withFixture$$anonfun$3(TimeLimitedTests.scala:154)
	at org.scalatest.enablers.Timed$$anon$1.timeoutAfter(Timed.scala:127)
	at org.scalatest.concurrent.TimeLimits$.failAfterImpl(TimeLimits.scala:282)
	at org.scalatest.concurrent.TimeLimitedTests.withFixture(TimeLimitedTests.scala:155)
	at org.scalatest.concurrent.TimeLimitedTests.withFixture$(TimeLimitedTests.scala:142)
	at UnitSpec.withFixture(UnitSpec.scala:6)
	at org.scalatest.propspec.AnyPropSpecLike.invokeWithFixture$1(AnyPropSpecLike.scala:210)
	at org.scalatest.propspec.AnyPropSpecLike.runTest$$anonfun$1(AnyPropSpecLike.scala:214)
	at org.scalatest.SuperEngine.runTestImpl(Engine.scala:306)
	at org.scalatest.propspec.AnyPropSpecLike.runTest(AnyPropSpecLike.scala:214)
	at org.scalatest.propspec.AnyPropSpecLike.runTest$(AnyPropSpecLike.scala:45)
	at org.scalatest.propspec.AnyPropSpec.runTest(AnyPropSpec.scala:875)
	at org.scalatest.propspec.AnyPropSpecLike.runTests$$anonfun$1(AnyPropSpecLike.scala:247)
	at org.scalatest.SuperEngine.traverseSubNodes$1$$anonfun$1(Engine.scala:413)
	at scala.runtime.function.JProcedure1.apply(JProcedure1.java:15)
	at scala.runtime.function.JProcedure1.apply(JProcedure1.java:10)
	at scala.collection.immutable.List.foreach(List.scala:334)
	at org.scalatest.SuperEngine.traverseSubNodes$1(Engine.scala:429)
	at org.scalatest.SuperEngine.runTestsInBranch(Engine.scala:396)
	at org.scalatest.SuperEngine.runTestsImpl(Engine.scala:475)
	at org.scalatest.propspec.AnyPropSpecLike.runTests(AnyPropSpecLike.scala:247)
	at org.scalatest.propspec.AnyPropSpecLike.runTests$(AnyPropSpecLike.scala:45)
	at org.scalatest.propspec.AnyPropSpec.runTests(AnyPropSpec.scala:875)
	at org.scalatest.Suite.run(Suite.scala:1114)
	at org.scalatest.Suite.run$(Suite.scala:564)
	at org.scalatest.propspec.AnyPropSpec.org$scalatest$propspec$AnyPropSpecLike$$super$run(AnyPropSpec.scala:875)
	at org.scalatest.propspec.AnyPropSpecLike.run$$anonfun$1(AnyPropSpecLike.scala:251)
	at org.scalatest.SuperEngine.runImpl(Engine.scala:535)
	at org.scalatest.propspec.AnyPropSpecLike.run(AnyPropSpecLike.scala:251)
	at org.scalatest.propspec.AnyPropSpecLike.run$(AnyPropSpecLike.scala:45)
	at org.scalatest.propspec.AnyPropSpec.run(AnyPropSpec.scala:875)
	at org.scalatest.tools.Framework.org$scalatest$tools$Framework$$runSuite(Framework.scala:321)
	at org.scalatest.tools.Framework$ScalaTestTask.execute(Framework.scala:517)
	at sbt.TestRunner.runTest$1(TestFramework.scala:153)
	at sbt.TestRunner.run(TestFramework.scala:168)
	at sbt.TestFramework$$anon$3$$anonfun$$lessinit$greater$1.$anonfun$apply$1(TestFramework.scala:336)
	at sbt.TestFramework$.sbt$TestFramework$$withContextLoader(TestFramework.scala:296)
	at sbt.TestFramework$$anon$3$$anonfun$$lessinit$greater$1.apply(TestFramework.scala:336)
	at sbt.TestFramework$$anon$3$$anonfun$$lessinit$greater$1.apply(TestFramework.scala:336)
	at sbt.TestFunction.apply(TestFramework.scala:348)
	at sbt.Tests$.$anonfun$toTask$1(Tests.scala:436)
	at sbt.std.Transform$$anon$3.$anonfun$apply$2(Transform.scala:47)
	at sbt.std.Transform$$anon$4.work(Transform.scala:69)
	at sbt.Execute.$anonfun$submit$2(Execute.scala:283)
	at sbt.internal.util.ErrorHandling$.wideConvert(ErrorHandling.scala:24)
	at sbt.Execute.work(Execute.scala:292)
	at sbt.Execute.$anonfun$submit$1(Execute.scala:283)
	at sbt.ConcurrentRestrictions$$anon$4.$anonfun$submitValid$1(ConcurrentRestrictions.scala:265)
	at sbt.CompletionService$$anon$2.call(CompletionService.scala:65)
	at java.base/java.util.concurrent.FutureTask.run(FutureTask.java:317)
	at java.base/java.util.concurrent.Executors$RunnableAdapter.call(Executors.java:572)
	at java.base/java.util.concurrent.FutureTask.run(FutureTask.java:317)
	at java.base/java.util.concurrent.ThreadPoolExecutor.runWorker(ThreadPoolExecutor.java:1144)
	at java.base/java.util.concurrent.ThreadPoolExecutor$Worker.run(ThreadPoolExecutor.java:642)
	at java.base/java.lang.Thread.run(Thread.java:1583)
</failure>
                    </testcase><testcase classname="gameoflifetests" name="EX05 - Set Up Board Game" time="0.002">
                      <failure message="an implementation is missing" type="scala.NotImplementedError">scala.NotImplementedError: an implementation is missing
	at scala.Predef$.$qmark$qmark$qmark(Predef.scala:344)
	at GameOfLife$Game.&lt;init&gt;(hw1-gameoflife.scala:126)
	at gameoflifetests.testFun$proxy5$1(gameoflifetests.scala:83)
	at gameoflifetests.$init$$$anonfun$6(gameoflifetests.scala:82)
	at org.scalatest.Transformer.apply$$anonfun$1(Transformer.scala:22)
	at org.scalatest.OutcomeOf.outcomeOf(OutcomeOf.scala:85)
	at org.scalatest.OutcomeOf.outcomeOf$(OutcomeOf.scala:31)
	at org.scalatest.OutcomeOf$.outcomeOf(OutcomeOf.scala:104)
	at org.scalatest.Transformer.apply(Transformer.scala:22)
	at org.scalatest.Transformer.apply(Transformer.scala:21)
	at org.scalatest.propspec.AnyPropSpecLike$$anon$1.apply(AnyPropSpecLike.scala:204)
	at org.scalatest.TestSuite.withFixture(TestSuite.scala:196)
	at org.scalatest.TestSuite.withFixture$(TestSuite.scala:138)
	at UnitSpec.org$scalatest$concurrent$TimeLimitedTests$$super$withFixture(UnitSpec.scala:6)
	at org.scalatest.concurrent.TimeLimitedTests.withFixture$$anonfun$3(TimeLimitedTests.scala:154)
	at org.scalatest.enablers.Timed$$anon$1.timeoutAfter(Timed.scala:127)
	at org.scalatest.concurrent.TimeLimits$.failAfterImpl(TimeLimits.scala:282)
	at org.scalatest.concurrent.TimeLimitedTests.withFixture(TimeLimitedTests.scala:155)
	at org.scalatest.concurrent.TimeLimitedTests.withFixture$(TimeLimitedTests.scala:142)
	at UnitSpec.withFixture(UnitSpec.scala:6)
	at org.scalatest.propspec.AnyPropSpecLike.invokeWithFixture$1(AnyPropSpecLike.scala:210)
	at org.scalatest.propspec.AnyPropSpecLike.runTest$$anonfun$1(AnyPropSpecLike.scala:214)
	at org.scalatest.SuperEngine.runTestImpl(Engine.scala:306)
	at org.scalatest.propspec.AnyPropSpecLike.runTest(AnyPropSpecLike.scala:214)
	at org.scalatest.propspec.AnyPropSpecLike.runTest$(AnyPropSpecLike.scala:45)
	at org.scalatest.propspec.AnyPropSpec.runTest(AnyPropSpec.scala:875)
	at org.scalatest.propspec.AnyPropSpecLike.runTests$$anonfun$1(AnyPropSpecLike.scala:247)
	at org.scalatest.SuperEngine.traverseSubNodes$1$$anonfun$1(Engine.scala:413)
	at scala.runtime.function.JProcedure1.apply(JProcedure1.java:15)
	at scala.runtime.function.JProcedure1.apply(JProcedure1.java:10)
	at scala.collection.immutable.List.foreach(List.scala:334)
	at org.scalatest.SuperEngine.traverseSubNodes$1(Engine.scala:429)
	at org.scalatest.SuperEngine.runTestsInBranch(Engine.scala:396)
	at org.scalatest.SuperEngine.runTestsImpl(Engine.scala:475)
	at org.scalatest.propspec.AnyPropSpecLike.runTests(AnyPropSpecLike.scala:247)
	at org.scalatest.propspec.AnyPropSpecLike.runTests$(AnyPropSpecLike.scala:45)
	at org.scalatest.propspec.AnyPropSpec.runTests(AnyPropSpec.scala:875)
	at org.scalatest.Suite.run(Suite.scala:1114)
	at org.scalatest.Suite.run$(Suite.scala:564)
	at org.scalatest.propspec.AnyPropSpec.org$scalatest$propspec$AnyPropSpecLike$$super$run(AnyPropSpec.scala:875)
	at org.scalatest.propspec.AnyPropSpecLike.run$$anonfun$1(AnyPropSpecLike.scala:251)
	at org.scalatest.SuperEngine.runImpl(Engine.scala:535)
	at org.scalatest.propspec.AnyPropSpecLike.run(AnyPropSpecLike.scala:251)
	at org.scalatest.propspec.AnyPropSpecLike.run$(AnyPropSpecLike.scala:45)
	at org.scalatest.propspec.AnyPropSpec.run(AnyPropSpec.scala:875)
	at org.scalatest.tools.Framework.org$scalatest$tools$Framework$$runSuite(Framework.scala:321)
	at org.scalatest.tools.Framework$ScalaTestTask.execute(Framework.scala:517)
	at sbt.TestRunner.runTest$1(TestFramework.scala:153)
	at sbt.TestRunner.run(TestFramework.scala:168)
	at sbt.TestFramework$$anon$3$$anonfun$$lessinit$greater$1.$anonfun$apply$1(TestFramework.scala:336)
	at sbt.TestFramework$.sbt$TestFramework$$withContextLoader(TestFramework.scala:296)
	at sbt.TestFramework$$anon$3$$anonfun$$lessinit$greater$1.apply(TestFramework.scala:336)
	at sbt.TestFramework$$anon$3$$anonfun$$lessinit$greater$1.apply(TestFramework.scala:336)
	at sbt.TestFunction.apply(TestFramework.scala:348)
	at sbt.Tests$.$anonfun$toTask$1(Tests.scala:436)
	at sbt.std.Transform$$anon$3.$anonfun$apply$2(Transform.scala:47)
	at sbt.std.Transform$$anon$4.work(Transform.scala:69)
	at sbt.Execute.$anonfun$submit$2(Execute.scala:283)
	at sbt.internal.util.ErrorHandling$.wideConvert(ErrorHandling.scala:24)
	at sbt.Execute.work(Execute.scala:292)
	at sbt.Execute.$anonfun$submit$1(Execute.scala:283)
	at sbt.ConcurrentRestrictions$$anon$4.$anonfun$submitValid$1(ConcurrentRestrictions.scala:265)
	at sbt.CompletionService$$anon$2.call(CompletionService.scala:65)
	at java.base/java.util.concurrent.FutureTask.run(FutureTask.java:317)
	at java.base/java.util.concurrent.Executors$RunnableAdapter.call(Executors.java:572)
	at java.base/java.util.concurrent.FutureTask.run(FutureTask.java:317)
	at java.base/java.util.concurrent.ThreadPoolExecutor.runWorker(ThreadPoolExecutor.java:1144)
	at java.base/java.util.concurrent.ThreadPoolExecutor$Worker.run(ThreadPoolExecutor.java:642)
	at java.base/java.lang.Thread.run(Thread.java:1583)
</failure>
                    </testcase><testcase classname="gameoflifetests" name="EX06 - Complain about Off-Board Adding" time="0.001">
                      <failure message="an implementation is missing" type="scala.NotImplementedError">scala.NotImplementedError: an implementation is missing
	at scala.Predef$.$qmark$qmark$qmark(Predef.scala:344)
	at GameOfLife$Game.&lt;init&gt;(hw1-gameoflife.scala:126)
	at gameoflifetests.testFun$proxy6$1(gameoflifetests.scala:93)
	at gameoflifetests.$init$$$anonfun$7(gameoflifetests.scala:92)
	at org.scalatest.Transformer.apply$$anonfun$1(Transformer.scala:22)
	at org.scalatest.OutcomeOf.outcomeOf(OutcomeOf.scala:85)
	at org.scalatest.OutcomeOf.outcomeOf$(OutcomeOf.scala:31)
	at org.scalatest.OutcomeOf$.outcomeOf(OutcomeOf.scala:104)
	at org.scalatest.Transformer.apply(Transformer.scala:22)
	at org.scalatest.Transformer.apply(Transformer.scala:21)
	at org.scalatest.propspec.AnyPropSpecLike$$anon$1.apply(AnyPropSpecLike.scala:204)
	at org.scalatest.TestSuite.withFixture(TestSuite.scala:196)
	at org.scalatest.TestSuite.withFixture$(TestSuite.scala:138)
	at UnitSpec.org$scalatest$concurrent$TimeLimitedTests$$super$withFixture(UnitSpec.scala:6)
	at org.scalatest.concurrent.TimeLimitedTests.withFixture$$anonfun$3(TimeLimitedTests.scala:154)
	at org.scalatest.enablers.Timed$$anon$1.timeoutAfter(Timed.scala:127)
	at org.scalatest.concurrent.TimeLimits$.failAfterImpl(TimeLimits.scala:282)
	at org.scalatest.concurrent.TimeLimitedTests.withFixture(TimeLimitedTests.scala:155)
	at org.scalatest.concurrent.TimeLimitedTests.withFixture$(TimeLimitedTests.scala:142)
	at UnitSpec.withFixture(UnitSpec.scala:6)
	at org.scalatest.propspec.AnyPropSpecLike.invokeWithFixture$1(AnyPropSpecLike.scala:210)
	at org.scalatest.propspec.AnyPropSpecLike.runTest$$anonfun$1(AnyPropSpecLike.scala:214)
	at org.scalatest.SuperEngine.runTestImpl(Engine.scala:306)
	at org.scalatest.propspec.AnyPropSpecLike.runTest(AnyPropSpecLike.scala:214)
	at org.scalatest.propspec.AnyPropSpecLike.runTest$(AnyPropSpecLike.scala:45)
	at org.scalatest.propspec.AnyPropSpec.runTest(AnyPropSpec.scala:875)
	at org.scalatest.propspec.AnyPropSpecLike.runTests$$anonfun$1(AnyPropSpecLike.scala:247)
	at org.scalatest.SuperEngine.traverseSubNodes$1$$anonfun$1(Engine.scala:413)
	at scala.runtime.function.JProcedure1.apply(JProcedure1.java:15)
	at scala.runtime.function.JProcedure1.apply(JProcedure1.java:10)
	at scala.collection.immutable.List.foreach(List.scala:334)
	at org.scalatest.SuperEngine.traverseSubNodes$1(Engine.scala:429)
	at org.scalatest.SuperEngine.runTestsInBranch(Engine.scala:396)
	at org.scalatest.SuperEngine.runTestsImpl(Engine.scala:475)
	at org.scalatest.propspec.AnyPropSpecLike.runTests(AnyPropSpecLike.scala:247)
	at org.scalatest.propspec.AnyPropSpecLike.runTests$(AnyPropSpecLike.scala:45)
	at org.scalatest.propspec.AnyPropSpec.runTests(AnyPropSpec.scala:875)
	at org.scalatest.Suite.run(Suite.scala:1114)
	at org.scalatest.Suite.run$(Suite.scala:564)
	at org.scalatest.propspec.AnyPropSpec.org$scalatest$propspec$AnyPropSpecLike$$super$run(AnyPropSpec.scala:875)
	at org.scalatest.propspec.AnyPropSpecLike.run$$anonfun$1(AnyPropSpecLike.scala:251)
	at org.scalatest.SuperEngine.runImpl(Engine.scala:535)
	at org.scalatest.propspec.AnyPropSpecLike.run(AnyPropSpecLike.scala:251)
	at org.scalatest.propspec.AnyPropSpecLike.run$(AnyPropSpecLike.scala:45)
	at org.scalatest.propspec.AnyPropSpec.run(AnyPropSpec.scala:875)
	at org.scalatest.tools.Framework.org$scalatest$tools$Framework$$runSuite(Framework.scala:321)
	at org.scalatest.tools.Framework$ScalaTestTask.execute(Framework.scala:517)
	at sbt.TestRunner.runTest$1(TestFramework.scala:153)
	at sbt.TestRunner.run(TestFramework.scala:168)
	at sbt.TestFramework$$anon$3$$anonfun$$lessinit$greater$1.$anonfun$apply$1(TestFramework.scala:336)
	at sbt.TestFramework$.sbt$TestFramework$$withContextLoader(TestFramework.scala:296)
	at sbt.TestFramework$$anon$3$$anonfun$$lessinit$greater$1.apply(TestFramework.scala:336)
	at sbt.TestFramework$$anon$3$$anonfun$$lessinit$greater$1.apply(TestFramework.scala:336)
	at sbt.TestFunction.apply(TestFramework.scala:348)
	at sbt.Tests$.$anonfun$toTask$1(Tests.scala:436)
	at sbt.std.Transform$$anon$3.$anonfun$apply$2(Transform.scala:47)
	at sbt.std.Transform$$anon$4.work(Transform.scala:69)
	at sbt.Execute.$anonfun$submit$2(Execute.scala:283)
	at sbt.internal.util.ErrorHandling$.wideConvert(ErrorHandling.scala:24)
	at sbt.Execute.work(Execute.scala:292)
	at sbt.Execute.$anonfun$submit$1(Execute.scala:283)
	at sbt.ConcurrentRestrictions$$anon$4.$anonfun$submitValid$1(ConcurrentRestrictions.scala:265)
	at sbt.CompletionService$$anon$2.call(CompletionService.scala:65)
	at java.base/java.util.concurrent.FutureTask.run(FutureTask.java:317)
	at java.base/java.util.concurrent.Executors$RunnableAdapter.call(Executors.java:572)
	at java.base/java.util.concurrent.FutureTask.run(FutureTask.java:317)
	at java.base/java.util.concurrent.ThreadPoolExecutor.runWorker(ThreadPoolExecutor.java:1144)
	at java.base/java.util.concurrent.ThreadPoolExecutor$Worker.run(ThreadPoolExecutor.java:642)
	at java.base/java.lang.Thread.run(Thread.java:1583)
</failure>
                    </testcase><testcase classname="gameoflifetests" name="EX07 - Set Up Board" time="0.001">
                      <failure message="an implementation is missing" type="scala.NotImplementedError">scala.NotImplementedError: an implementation is missing
	at scala.Predef$.$qmark$qmark$qmark(Predef.scala:344)
	at GameOfLife$Game.&lt;init&gt;(hw1-gameoflife.scala:126)
	at gameoflifetests.testFun$proxy7$1(gameoflifetests.scala:100)
	at gameoflifetests.$init$$$anonfun$8(gameoflifetests.scala:99)
	at org.scalatest.Transformer.apply$$anonfun$1(Transformer.scala:22)
	at org.scalatest.OutcomeOf.outcomeOf(OutcomeOf.scala:85)
	at org.scalatest.OutcomeOf.outcomeOf$(OutcomeOf.scala:31)
	at org.scalatest.OutcomeOf$.outcomeOf(OutcomeOf.scala:104)
	at org.scalatest.Transformer.apply(Transformer.scala:22)
	at org.scalatest.Transformer.apply(Transformer.scala:21)
	at org.scalatest.propspec.AnyPropSpecLike$$anon$1.apply(AnyPropSpecLike.scala:204)
	at org.scalatest.TestSuite.withFixture(TestSuite.scala:196)
	at org.scalatest.TestSuite.withFixture$(TestSuite.scala:138)
	at UnitSpec.org$scalatest$concurrent$TimeLimitedTests$$super$withFixture(UnitSpec.scala:6)
	at org.scalatest.concurrent.TimeLimitedTests.withFixture$$anonfun$3(TimeLimitedTests.scala:154)
	at org.scalatest.enablers.Timed$$anon$1.timeoutAfter(Timed.scala:127)
	at org.scalatest.concurrent.TimeLimits$.failAfterImpl(TimeLimits.scala:282)
	at org.scalatest.concurrent.TimeLimitedTests.withFixture(TimeLimitedTests.scala:155)
	at org.scalatest.concurrent.TimeLimitedTests.withFixture$(TimeLimitedTests.scala:142)
	at UnitSpec.withFixture(UnitSpec.scala:6)
	at org.scalatest.propspec.AnyPropSpecLike.invokeWithFixture$1(AnyPropSpecLike.scala:210)
	at org.scalatest.propspec.AnyPropSpecLike.runTest$$anonfun$1(AnyPropSpecLike.scala:214)
	at org.scalatest.SuperEngine.runTestImpl(Engine.scala:306)
	at org.scalatest.propspec.AnyPropSpecLike.runTest(AnyPropSpecLike.scala:214)
	at org.scalatest.propspec.AnyPropSpecLike.runTest$(AnyPropSpecLike.scala:45)
	at org.scalatest.propspec.AnyPropSpec.runTest(AnyPropSpec.scala:875)
	at org.scalatest.propspec.AnyPropSpecLike.runTests$$anonfun$1(AnyPropSpecLike.scala:247)
	at org.scalatest.SuperEngine.traverseSubNodes$1$$anonfun$1(Engine.scala:413)
	at scala.runtime.function.JProcedure1.apply(JProcedure1.java:15)
	at scala.runtime.function.JProcedure1.apply(JProcedure1.java:10)
	at scala.collection.immutable.List.foreach(List.scala:334)
	at org.scalatest.SuperEngine.traverseSubNodes$1(Engine.scala:429)
	at org.scalatest.SuperEngine.runTestsInBranch(Engine.scala:396)
	at org.scalatest.SuperEngine.runTestsImpl(Engine.scala:475)
	at org.scalatest.propspec.AnyPropSpecLike.runTests(AnyPropSpecLike.scala:247)
	at org.scalatest.propspec.AnyPropSpecLike.runTests$(AnyPropSpecLike.scala:45)
	at org.scalatest.propspec.AnyPropSpec.runTests(AnyPropSpec.scala:875)
	at org.scalatest.Suite.run(Suite.scala:1114)
	at org.scalatest.Suite.run$(Suite.scala:564)
	at org.scalatest.propspec.AnyPropSpec.org$scalatest$propspec$AnyPropSpecLike$$super$run(AnyPropSpec.scala:875)
	at org.scalatest.propspec.AnyPropSpecLike.run$$anonfun$1(AnyPropSpecLike.scala:251)
	at org.scalatest.SuperEngine.runImpl(Engine.scala:535)
	at org.scalatest.propspec.AnyPropSpecLike.run(AnyPropSpecLike.scala:251)
	at org.scalatest.propspec.AnyPropSpecLike.run$(AnyPropSpecLike.scala:45)
	at org.scalatest.propspec.AnyPropSpec.run(AnyPropSpec.scala:875)
	at org.scalatest.tools.Framework.org$scalatest$tools$Framework$$runSuite(Framework.scala:321)
	at org.scalatest.tools.Framework$ScalaTestTask.execute(Framework.scala:517)
	at sbt.TestRunner.runTest$1(TestFramework.scala:153)
	at sbt.TestRunner.run(TestFramework.scala:168)
	at sbt.TestFramework$$anon$3$$anonfun$$lessinit$greater$1.$anonfun$apply$1(TestFramework.scala:336)
	at sbt.TestFramework$.sbt$TestFramework$$withContextLoader(TestFramework.scala:296)
	at sbt.TestFramework$$anon$3$$anonfun$$lessinit$greater$1.apply(TestFramework.scala:336)
	at sbt.TestFramework$$anon$3$$anonfun$$lessinit$greater$1.apply(TestFramework.scala:336)
	at sbt.TestFunction.apply(TestFramework.scala:348)
	at sbt.Tests$.$anonfun$toTask$1(Tests.scala:436)
	at sbt.std.Transform$$anon$3.$anonfun$apply$2(Transform.scala:47)
	at sbt.std.Transform$$anon$4.work(Transform.scala:69)
	at sbt.Execute.$anonfun$submit$2(Execute.scala:283)
	at sbt.internal.util.ErrorHandling$.wideConvert(ErrorHandling.scala:24)
	at sbt.Execute.work(Execute.scala:292)
	at sbt.Execute.$anonfun$submit$1(Execute.scala:283)
	at sbt.ConcurrentRestrictions$$anon$4.$anonfun$submitValid$1(ConcurrentRestrictions.scala:265)
	at sbt.CompletionService$$anon$2.call(CompletionService.scala:65)
	at java.base/java.util.concurrent.FutureTask.run(FutureTask.java:317)
	at java.base/java.util.concurrent.Executors$RunnableAdapter.call(Executors.java:572)
	at java.base/java.util.concurrent.FutureTask.run(FutureTask.java:317)
	at java.base/java.util.concurrent.ThreadPoolExecutor.runWorker(ThreadPoolExecutor.java:1144)
	at java.base/java.util.concurrent.ThreadPoolExecutor$Worker.run(ThreadPoolExecutor.java:642)
	at java.base/java.lang.Thread.run(Thread.java:1583)
</failure>
                    </testcase><testcase classname="gameoflifetests" name="EX08 - Step Board" time="0.003">
                      <failure message="an implementation is missing" type="scala.NotImplementedError">scala.NotImplementedError: an implementation is missing
	at scala.Predef$.$qmark$qmark$qmark(Predef.scala:344)
	at GameOfLife$Game.&lt;init&gt;(hw1-gameoflife.scala:126)
	at gameoflifetests.testFun$proxy8$1(gameoflifetests.scala:122)
	at gameoflifetests.$init$$$anonfun$9(gameoflifetests.scala:117)
	at org.scalatest.Transformer.apply$$anonfun$1(Transformer.scala:22)
	at org.scalatest.OutcomeOf.outcomeOf(OutcomeOf.scala:85)
	at org.scalatest.OutcomeOf.outcomeOf$(OutcomeOf.scala:31)
	at org.scalatest.OutcomeOf$.outcomeOf(OutcomeOf.scala:104)
	at org.scalatest.Transformer.apply(Transformer.scala:22)
	at org.scalatest.Transformer.apply(Transformer.scala:21)
	at org.scalatest.propspec.AnyPropSpecLike$$anon$1.apply(AnyPropSpecLike.scala:204)
	at org.scalatest.TestSuite.withFixture(TestSuite.scala:196)
	at org.scalatest.TestSuite.withFixture$(TestSuite.scala:138)
	at UnitSpec.org$scalatest$concurrent$TimeLimitedTests$$super$withFixture(UnitSpec.scala:6)
	at org.scalatest.concurrent.TimeLimitedTests.withFixture$$anonfun$3(TimeLimitedTests.scala:154)
	at org.scalatest.enablers.Timed$$anon$1.timeoutAfter(Timed.scala:127)
	at org.scalatest.concurrent.TimeLimits$.failAfterImpl(TimeLimits.scala:282)
	at org.scalatest.concurrent.TimeLimitedTests.withFixture(TimeLimitedTests.scala:155)
	at org.scalatest.concurrent.TimeLimitedTests.withFixture$(TimeLimitedTests.scala:142)
	at UnitSpec.withFixture(UnitSpec.scala:6)
	at org.scalatest.propspec.AnyPropSpecLike.invokeWithFixture$1(AnyPropSpecLike.scala:210)
	at org.scalatest.propspec.AnyPropSpecLike.runTest$$anonfun$1(AnyPropSpecLike.scala:214)
	at org.scalatest.SuperEngine.runTestImpl(Engine.scala:306)
	at org.scalatest.propspec.AnyPropSpecLike.runTest(AnyPropSpecLike.scala:214)
	at org.scalatest.propspec.AnyPropSpecLike.runTest$(AnyPropSpecLike.scala:45)
	at org.scalatest.propspec.AnyPropSpec.runTest(AnyPropSpec.scala:875)
	at org.scalatest.propspec.AnyPropSpecLike.runTests$$anonfun$1(AnyPropSpecLike.scala:247)
	at org.scalatest.SuperEngine.traverseSubNodes$1$$anonfun$1(Engine.scala:413)
	at scala.runtime.function.JProcedure1.apply(JProcedure1.java:15)
	at scala.runtime.function.JProcedure1.apply(JProcedure1.java:10)
	at scala.collection.immutable.List.foreach(List.scala:334)
	at org.scalatest.SuperEngine.traverseSubNodes$1(Engine.scala:429)
	at org.scalatest.SuperEngine.runTestsInBranch(Engine.scala:396)
	at org.scalatest.SuperEngine.runTestsImpl(Engine.scala:475)
	at org.scalatest.propspec.AnyPropSpecLike.runTests(AnyPropSpecLike.scala:247)
	at org.scalatest.propspec.AnyPropSpecLike.runTests$(AnyPropSpecLike.scala:45)
	at org.scalatest.propspec.AnyPropSpec.runTests(AnyPropSpec.scala:875)
	at org.scalatest.Suite.run(Suite.scala:1114)
	at org.scalatest.Suite.run$(Suite.scala:564)
	at org.scalatest.propspec.AnyPropSpec.org$scalatest$propspec$AnyPropSpecLike$$super$run(AnyPropSpec.scala:875)
	at org.scalatest.propspec.AnyPropSpecLike.run$$anonfun$1(AnyPropSpecLike.scala:251)
	at org.scalatest.SuperEngine.runImpl(Engine.scala:535)
	at org.scalatest.propspec.AnyPropSpecLike.run(AnyPropSpecLike.scala:251)
	at org.scalatest.propspec.AnyPropSpecLike.run$(AnyPropSpecLike.scala:45)
	at org.scalatest.propspec.AnyPropSpec.run(AnyPropSpec.scala:875)
	at org.scalatest.tools.Framework.org$scalatest$tools$Framework$$runSuite(Framework.scala:321)
	at org.scalatest.tools.Framework$ScalaTestTask.execute(Framework.scala:517)
	at sbt.TestRunner.runTest$1(TestFramework.scala:153)
	at sbt.TestRunner.run(TestFramework.scala:168)
	at sbt.TestFramework$$anon$3$$anonfun$$lessinit$greater$1.$anonfun$apply$1(TestFramework.scala:336)
	at sbt.TestFramework$.sbt$TestFramework$$withContextLoader(TestFramework.scala:296)
	at sbt.TestFramework$$anon$3$$anonfun$$lessinit$greater$1.apply(TestFramework.scala:336)
	at sbt.TestFramework$$anon$3$$anonfun$$lessinit$greater$1.apply(TestFramework.scala:336)
	at sbt.TestFunction.apply(TestFramework.scala:348)
	at sbt.Tests$.$anonfun$toTask$1(Tests.scala:436)
	at sbt.std.Transform$$anon$3.$anonfun$apply$2(Transform.scala:47)
	at sbt.std.Transform$$anon$4.work(Transform.scala:69)
	at sbt.Execute.$anonfun$submit$2(Execute.scala:283)
	at sbt.internal.util.ErrorHandling$.wideConvert(ErrorHandling.scala:24)
	at sbt.Execute.work(Execute.scala:292)
	at sbt.Execute.$anonfun$submit$1(Execute.scala:283)
	at sbt.ConcurrentRestrictions$$anon$4.$anonfun$submitValid$1(ConcurrentRestrictions.scala:265)
	at sbt.CompletionService$$anon$2.call(CompletionService.scala:65)
	at java.base/java.util.concurrent.FutureTask.run(FutureTask.java:317)
	at java.base/java.util.concurrent.Executors$RunnableAdapter.call(Executors.java:572)
	at java.base/java.util.concurrent.FutureTask.run(FutureTask.java:317)
	at java.base/java.util.concurrent.ThreadPoolExecutor.runWorker(ThreadPoolExecutor.java:1144)
	at java.base/java.util.concurrent.ThreadPoolExecutor$Worker.run(ThreadPoolExecutor.java:642)
	at java.base/java.lang.Thread.run(Thread.java:1583)
</failure>
                    </testcase><testcase classname="gameoflifetests" name="BONUS EXERCISE - Read Shape from String" time="0.001">
                      <failure message="an implementation is missing" type="scala.NotImplementedError">scala.NotImplementedError: an implementation is missing
	at scala.Predef$.$qmark$qmark$qmark(Predef.scala:344)
	at GameOfLife$.fromString(hw1-gameoflife.scala:173)
	at gameoflifetests.testFun$proxy9$1(gameoflifetests.scala:165)
	at gameoflifetests.$init$$$anonfun$10(gameoflifetests.scala:153)
	at org.scalatest.Transformer.apply$$anonfun$1(Transformer.scala:22)
	at org.scalatest.OutcomeOf.outcomeOf(OutcomeOf.scala:85)
	at org.scalatest.OutcomeOf.outcomeOf$(OutcomeOf.scala:31)
	at org.scalatest.OutcomeOf$.outcomeOf(OutcomeOf.scala:104)
	at org.scalatest.Transformer.apply(Transformer.scala:22)
	at org.scalatest.Transformer.apply(Transformer.scala:21)
	at org.scalatest.propspec.AnyPropSpecLike$$anon$1.apply(AnyPropSpecLike.scala:204)
	at org.scalatest.TestSuite.withFixture(TestSuite.scala:196)
	at org.scalatest.TestSuite.withFixture$(TestSuite.scala:138)
	at UnitSpec.org$scalatest$concurrent$TimeLimitedTests$$super$withFixture(UnitSpec.scala:6)
	at org.scalatest.concurrent.TimeLimitedTests.withFixture$$anonfun$3(TimeLimitedTests.scala:154)
	at org.scalatest.enablers.Timed$$anon$1.timeoutAfter(Timed.scala:127)
	at org.scalatest.concurrent.TimeLimits$.failAfterImpl(TimeLimits.scala:282)
	at org.scalatest.concurrent.TimeLimitedTests.withFixture(TimeLimitedTests.scala:155)
	at org.scalatest.concurrent.TimeLimitedTests.withFixture$(TimeLimitedTests.scala:142)
	at UnitSpec.withFixture(UnitSpec.scala:6)
	at org.scalatest.propspec.AnyPropSpecLike.invokeWithFixture$1(AnyPropSpecLike.scala:210)
	at org.scalatest.propspec.AnyPropSpecLike.runTest$$anonfun$1(AnyPropSpecLike.scala:214)
	at org.scalatest.SuperEngine.runTestImpl(Engine.scala:306)
	at org.scalatest.propspec.AnyPropSpecLike.runTest(AnyPropSpecLike.scala:214)
	at org.scalatest.propspec.AnyPropSpecLike.runTest$(AnyPropSpecLike.scala:45)
	at org.scalatest.propspec.AnyPropSpec.runTest(AnyPropSpec.scala:875)
	at org.scalatest.propspec.AnyPropSpecLike.runTests$$anonfun$1(AnyPropSpecLike.scala:247)
	at org.scalatest.SuperEngine.traverseSubNodes$1$$anonfun$1(Engine.scala:413)
	at scala.runtime.function.JProcedure1.apply(JProcedure1.java:15)
	at scala.runtime.function.JProcedure1.apply(JProcedure1.java:10)
	at scala.collection.immutable.List.foreach(List.scala:334)
	at org.scalatest.SuperEngine.traverseSubNodes$1(Engine.scala:429)
	at org.scalatest.SuperEngine.runTestsInBranch(Engine.scala:396)
	at org.scalatest.SuperEngine.runTestsImpl(Engine.scala:475)
	at org.scalatest.propspec.AnyPropSpecLike.runTests(AnyPropSpecLike.scala:247)
	at org.scalatest.propspec.AnyPropSpecLike.runTests$(AnyPropSpecLike.scala:45)
	at org.scalatest.propspec.AnyPropSpec.runTests(AnyPropSpec.scala:875)
	at org.scalatest.Suite.run(Suite.scala:1114)
	at org.scalatest.Suite.run$(Suite.scala:564)
	at org.scalatest.propspec.AnyPropSpec.org$scalatest$propspec$AnyPropSpecLike$$super$run(AnyPropSpec.scala:875)
	at org.scalatest.propspec.AnyPropSpecLike.run$$anonfun$1(AnyPropSpecLike.scala:251)
	at org.scalatest.SuperEngine.runImpl(Engine.scala:535)
	at org.scalatest.propspec.AnyPropSpecLike.run(AnyPropSpecLike.scala:251)
	at org.scalatest.propspec.AnyPropSpecLike.run$(AnyPropSpecLike.scala:45)
	at org.scalatest.propspec.AnyPropSpec.run(AnyPropSpec.scala:875)
	at org.scalatest.tools.Framework.org$scalatest$tools$Framework$$runSuite(Framework.scala:321)
	at org.scalatest.tools.Framework$ScalaTestTask.execute(Framework.scala:517)
	at sbt.TestRunner.runTest$1(TestFramework.scala:153)
	at sbt.TestRunner.run(TestFramework.scala:168)
	at sbt.TestFramework$$anon$3$$anonfun$$lessinit$greater$1.$anonfun$apply$1(TestFramework.scala:336)
	at sbt.TestFramework$.sbt$TestFramework$$withContextLoader(TestFramework.scala:296)
	at sbt.TestFramework$$anon$3$$anonfun$$lessinit$greater$1.apply(TestFramework.scala:336)
	at sbt.TestFramework$$anon$3$$anonfun$$lessinit$greater$1.apply(TestFramework.scala:336)
	at sbt.TestFunction.apply(TestFramework.scala:348)
	at sbt.Tests$.$anonfun$toTask$1(Tests.scala:436)
	at sbt.std.Transform$$anon$3.$anonfun$apply$2(Transform.scala:47)
	at sbt.std.Transform$$anon$4.work(Transform.scala:69)
	at sbt.Execute.$anonfun$submit$2(Execute.scala:283)
	at sbt.internal.util.ErrorHandling$.wideConvert(ErrorHandling.scala:24)
	at sbt.Execute.work(Execute.scala:292)
	at sbt.Execute.$anonfun$submit$1(Execute.scala:283)
	at sbt.ConcurrentRestrictions$$anon$4.$anonfun$submitValid$1(ConcurrentRestrictions.scala:265)
	at sbt.CompletionService$$anon$2.call(CompletionService.scala:65)
	at java.base/java.util.concurrent.FutureTask.run(FutureTask.java:317)
	at java.base/java.util.concurrent.Executors$RunnableAdapter.call(Executors.java:572)
	at java.base/java.util.concurrent.FutureTask.run(FutureTask.java:317)
	at java.base/java.util.concurrent.ThreadPoolExecutor.runWorker(ThreadPoolExecutor.java:1144)
	at java.base/java.util.concurrent.ThreadPoolExecutor$Worker.run(ThreadPoolExecutor.java:642)
	at java.base/java.lang.Thread.run(Thread.java:1583)
</failure>
                    </testcase>
          <system-out><![CDATA[]]></system-out>
          <system-err><![CDATA[]]></system-err>
        </testsuite>