<?xml version='1.0' encoding='UTF-8'?>
<testsuite hostname="codespaces-9debfd" name="gameoflifetests" tests="9" errors="0" failures="0" skipped="0" time="0.195" timestamp="2025-09-18T04:51:37">
          <properties>
[...]
</properties>
          <testcase classname="gameoflifetests" name="EX01 - Create Blinker" time="0.028">
                      
                    </testcase><testcase classname="gameoflifetests" name="EX02 - Create Glider" time="0.001">
                      
                    </testcase><testcase classname="gameoflifetests" name="EX03 - Print Matrix" time="0.005">
                      
                    </testcase><testcase classname="gameoflifetests" name="EX04 - Create a Shape" time="0.003">
                      
                    </testcase><testcase classname="gameoflifetests" name="EX05 - Set Up Board Game" time="0.006">
                      
                    </testcase><testcase classname="gameoflifetests" name="EX06 - Complain about Off-Board Adding" time="0.001">
                      
                    </testcase><testcase classname="gameoflifetests" name="EX07 - Set Up Board" time="0.005">
                      
                    </testcase><testcase classname="gameoflifetests" name="EX08 - Step Board" time="0.138">
                      
                    </testcase><testcase classname="gameoflifetests" name="BONUS EXERCISE - Read Shape from String" time="0.008">
                      
                    </testcase>
          <system-out><![CDATA[]]></system-out>
          <system-err><![CDATA[]]></system-err>
        </testsuite>